<?xml version="1.0" encoding="UTF-8"?>
<testsuite name="com.ieseljust.edd.AppTest" tests="1" skipped="0" failures="0" errors="0" timestamp="2020-02-02T01:48:30" hostname="alumne-VirtualBox" time="0.008">
  <properties/>
  <testcase name="testApp" classname="com.ieseljust.edd.AppTest" time="0.008"/>
  <system-out><![CDATA[]]></system-out>
  <system-err><![CDATA[]]></system-err>
</testsuite>
